My PID: 37991

From a new terminal type `kill -SIGINT 37991` or `kill -SIGTERM 37991` to stop processing packets

My ID: 1

List of resolved hosts is:
==========================
1
Human-readable IP: 127.0.0.1
Human-readable Port: 11001

2
Human-readable IP: 127.0.0.1
Human-readable Port: 11002

3
Human-readable IP: 127.0.0.1
Human-readable Port: 11003


Path to output:
===============
/Users/sha/Desktop/EPFL/2022-2023fall/distributed-algorithms/CS451-2022-project/example/output/stress/proc01.output

Path to config:
===============
../example/output/stress/config

Doing some initialization

$$$submitloop in sendingLoop
broadcastAllMsgs()

broadcast Msgs()

$$$submitloop  sendQueue:[]
$$$submitloop before sendQueue.take()
packet.dst:2
in send, sendQueue add packet:Packet{dataLen=32, pktId=1, numMsgs=8, firstMsgId=1, isACK=false, src=1, dst=2, relayedBy=1}
$$$submitloop  after sendQueue.take() pkt: Packet{dataLen=32, pktId=1, numMsgs=8, firstMsgId=1, isACK=false, src=1, dst=2, relayedBy=1}
###in perfect link submitasendtask() submitting sending packet: Packet{dataLen=32, pktId=1, numMsgs=8, firstMsgId=1, isACK=false, src=1, dst=2, relayedBy=1}
sendQueue: []
packet.dst:3
in send, sendQueue add packet:Packet{dataLen=32, pktId=1, numMsgs=8, firstMsgId=1, isACK=false, src=1, dst=3, relayedBy=1}
sendQueue: [Packet{dataLen=32, pktId=1, numMsgs=8, firstMsgId=1, isACK=false, src=1, dst=3, relayedBy=1}]
###in perfect link submitasendtask() pendingPktIdsNodeIDToPktIDs{nodeIdToPktIds={1=[1], 2=[], 3=[]}}
after submit send task of sending packet: Packet{dataLen=32, pktId=1, numMsgs=8, firstMsgId=1, isACK=false, src=1, dst=2, relayedBy=1}
$$$submitloop  after submit an task
###inside perfect link thread pool send() loop, pkt = Packet{dataLen=32, pktId=1, numMsgs=8, firstMsgId=1, isACK=false, src=1, dst=2, relayedBy=1}
in fairloss link send()
send to addr:/127.0.0.1, port:11002
append to log with entry: b 1

append to log with entry: b 2

append to log with entry: b 3

append to log with entry: b 4

append to log with entry: b 5

append to log with entry: b 6

append to log with entry: b 7

append to log with entry: b 8

packet.dst:2
in send, sendQueue add packet:Packet{dataLen=32, pktId=2, numMsgs=2, firstMsgId=9, isACK=false, src=1, dst=2, relayedBy=1}
sendQueue: [Packet{dataLen=32, pktId=1, numMsgs=8, firstMsgId=1, isACK=false, src=1, dst=3, relayedBy=1}, Packet{dataLen=32, pktId=2, numMsgs=2, firstMsgId=9, isACK=false, src=1, dst=2, relayedBy=1}]
packet.dst:3
in send, sendQueue add packet:Packet{dataLen=32, pktId=2, numMsgs=2, firstMsgId=9, isACK=false, src=1, dst=3, relayedBy=1}
sendQueue: [Packet{dataLen=32, pktId=1, numMsgs=8, firstMsgId=1, isACK=false, src=1, dst=3, relayedBy=1}, Packet{dataLen=32, pktId=2, numMsgs=2, firstMsgId=9, isACK=false, src=1, dst=2, relayedBy=1}, Packet{dataLen=32, pktId=2, numMsgs=2, firstMsgId=9, isACK=false, src=1, dst=3, relayedBy=1}]
append to log with entry: b 9

append to log with entry: b 10

broadcast user receivingLoop
in urb deliver()
in beb deliver
perfectlink deliver()
before socket receive, which blocks if no packet is received
fair loss link deliver() after socket.receive()
perfectlink after flink deliver()
pktRecv in perfect link deliverPacket{dataLen=32, pktId=1, numMsgs=8, firstMsgId=1, isACK=false, src=3, dst=1, relayedBy=3}
info: creating ACK packet
fairloss link send ACK to host /127.0.0.1port 11003
packet.src = 3, packet.pktId = 1
fairloss link after send ACK
beb deliver after beb deliver Packet{dataLen=32, pktId=1, numMsgs=8, firstMsgId=1, isACK=false, src=3, dst=1, relayedBy=3}
rebroadcast pkt: Packet{dataLen=32, pktId=1, numMsgs=8, firstMsgId=1, isACK=false, src=3, dst=1, relayedBy=3}
packet.dst:2
in send, sendQueue add packet:Packet{dataLen=32, pktId=1, numMsgs=8, firstMsgId=1, isACK=false, src=3, dst=2, relayedBy=1}
sendQueue: [Packet{dataLen=32, pktId=1, numMsgs=8, firstMsgId=1, isACK=false, src=1, dst=3, relayedBy=1}, Packet{dataLen=32, pktId=2, numMsgs=2, firstMsgId=9, isACK=false, src=1, dst=2, relayedBy=1}, Packet{dataLen=32, pktId=2, numMsgs=2, firstMsgId=9, isACK=false, src=1, dst=3, relayedBy=1}, Packet{dataLen=32, pktId=1, numMsgs=8, firstMsgId=1, isACK=false, src=3, dst=2, relayedBy=1}]
packet.dst:3
in send, sendQueue add packet:Packet{dataLen=32, pktId=1, numMsgs=8, firstMsgId=1, isACK=false, src=3, dst=3, relayedBy=1}
sendQueue: [Packet{dataLen=32, pktId=1, numMsgs=8, firstMsgId=1, isACK=false, src=1, dst=3, relayedBy=1}, Packet{dataLen=32, pktId=2, numMsgs=2, firstMsgId=9, isACK=false, src=1, dst=2, relayedBy=1}, Packet{dataLen=32, pktId=2, numMsgs=2, firstMsgId=9, isACK=false, src=1, dst=3, relayedBy=1}, Packet{dataLen=32, pktId=1, numMsgs=8, firstMsgId=1, isACK=false, src=3, dst=2, relayedBy=1}, Packet{dataLen=32, pktId=1, numMsgs=8, firstMsgId=1, isACK=false, src=3, dst=3, relayedBy=1}]
fifo deliver after urb deliver, pkts from urb: []
broadcast user after fifo deliver
broadcast user receivingLoop after perfectLink deliver
broadcast user receivingLoop
in urb deliver()
in beb deliver
perfectlink deliver()
before socket receive, which blocks if no packet is received
fair loss link deliver() after socket.receive()
perfectlink after flink deliver()
pktRecv in perfect link deliverPacket{dataLen=32, pktId=1, numMsgs=8, firstMsgId=1, isACK=false, src=2, dst=1, relayedBy=2}
info: creating ACK packet
fairloss link send ACK to host /127.0.0.1port 11002
packet.src = 2, packet.pktId = 1
fairloss link after send ACK
beb deliver after beb deliver Packet{dataLen=32, pktId=1, numMsgs=8, firstMsgId=1, isACK=false, src=2, dst=1, relayedBy=2}
rebroadcast pkt: Packet{dataLen=32, pktId=1, numMsgs=8, firstMsgId=1, isACK=false, src=2, dst=1, relayedBy=2}
packet.dst:2
in send, sendQueue add packet:Packet{dataLen=32, pktId=1, numMsgs=8, firstMsgId=1, isACK=false, src=2, dst=2, relayedBy=1}
sendQueue: [Packet{dataLen=32, pktId=1, numMsgs=8, firstMsgId=1, isACK=false, src=1, dst=3, relayedBy=1}, Packet{dataLen=32, pktId=2, numMsgs=2, firstMsgId=9, isACK=false, src=1, dst=2, relayedBy=1}, Packet{dataLen=32, pktId=2, numMsgs=2, firstMsgId=9, isACK=false, src=1, dst=3, relayedBy=1}, Packet{dataLen=32, pktId=1, numMsgs=8, firstMsgId=1, isACK=false, src=3, dst=2, relayedBy=1}, Packet{dataLen=32, pktId=1, numMsgs=8, firstMsgId=1, isACK=false, src=3, dst=3, relayedBy=1}, Packet{dataLen=32, pktId=1, numMsgs=8, firstMsgId=1, isACK=false, src=2, dst=2, relayedBy=1}]
packet.dst:3
in send, sendQueue add packet:Packet{dataLen=32, pktId=1, numMsgs=8, firstMsgId=1, isACK=false, src=2, dst=3, relayedBy=1}
sendQueue: [Packet{dataLen=32, pktId=1, numMsgs=8, firstMsgId=1, isACK=false, src=1, dst=3, relayedBy=1}, Packet{dataLen=32, pktId=2, numMsgs=2, firstMsgId=9, isACK=false, src=1, dst=2, relayedBy=1}, Packet{dataLen=32, pktId=2, numMsgs=2, firstMsgId=9, isACK=false, src=1, dst=3, relayedBy=1}, Packet{dataLen=32, pktId=1, numMsgs=8, firstMsgId=1, isACK=false, src=3, dst=2, relayedBy=1}, Packet{dataLen=32, pktId=1, numMsgs=8, firstMsgId=1, isACK=false, src=3, dst=3, relayedBy=1}, Packet{dataLen=32, pktId=1, numMsgs=8, firstMsgId=1, isACK=false, src=2, dst=2, relayedBy=1}, Packet{dataLen=32, pktId=1, numMsgs=8, firstMsgId=1, isACK=false, src=2, dst=3, relayedBy=1}]
fifo deliver after urb deliver, pkts from urb: []
broadcast user after fifo deliver
broadcast user receivingLoop after perfectLink deliver
broadcast user receivingLoop
in urb deliver()
in beb deliver
perfectlink deliver()
before socket receive, which blocks if no packet is received
fair loss link deliver() after socket.receive()
perfectlink after flink deliver()
pktRecv in perfect link deliverPacket{dataLen=32, pktId=1, numMsgs=0, firstMsgId=-1, isACK=true, src=1, dst=2, relayedBy=2}
perfectlink deliver ACK
ACK:Packet{dataLen=32, pktId=1, numMsgs=0, firstMsgId=-1, isACK=true, src=1, dst=2, relayedBy=2}
beb deliver after beb deliver null
in urb deliver packet is null
fifo deliver after urb deliver, pkts from urb: []
broadcast user after fifo deliver
broadcast user receivingLoop after perfectLink deliver
broadcast user receivingLoop
in urb deliver()
in beb deliver
perfectlink deliver()
before socket receive, which blocks if no packet is received
$$$submitloop in sendingLoop
$$$submitloop  sendQueue:[Packet{dataLen=32, pktId=1, numMsgs=8, firstMsgId=1, isACK=false, src=1, dst=3, relayedBy=1}, Packet{dataLen=32, pktId=2, numMsgs=2, firstMsgId=9, isACK=false, src=1, dst=2, relayedBy=1}, Packet{dataLen=32, pktId=2, numMsgs=2, firstMsgId=9, isACK=false, src=1, dst=3, relayedBy=1}, Packet{dataLen=32, pktId=1, numMsgs=8, firstMsgId=1, isACK=false, src=3, dst=2, relayedBy=1}, Packet{dataLen=32, pktId=1, numMsgs=8, firstMsgId=1, isACK=false, src=3, dst=3, relayedBy=1}, Packet{dataLen=32, pktId=1, numMsgs=8, firstMsgId=1, isACK=false, src=2, dst=2, relayedBy=1}, Packet{dataLen=32, pktId=1, numMsgs=8, firstMsgId=1, isACK=false, src=2, dst=3, relayedBy=1}]
$$$submitloop before sendQueue.take()
$$$submitloop  after sendQueue.take() pkt: Packet{dataLen=32, pktId=1, numMsgs=8, firstMsgId=1, isACK=false, src=1, dst=3, relayedBy=1}
###in perfect link submitasendtask() submitting sending packet: Packet{dataLen=32, pktId=1, numMsgs=8, firstMsgId=1, isACK=false, src=1, dst=3, relayedBy=1}
###in perfect link submitasendtask() pendingPktIdsNodeIDToPktIDs{nodeIdToPktIds={1=[2], 2=[], 3=[]}}
after submit send task of sending packet: Packet{dataLen=32, pktId=1, numMsgs=8, firstMsgId=1, isACK=false, src=1, dst=3, relayedBy=1}
$$$submitloop  after submit an task
###inside perfect link thread pool send() loop, pkt = Packet{dataLen=32, pktId=1, numMsgs=8, firstMsgId=1, isACK=false, src=1, dst=3, relayedBy=1}
in fairloss link send()
send to addr:/127.0.0.1, port:11003
fair loss link deliver() after socket.receive()
perfectlink after flink deliver()
pktRecv in perfect link deliverPacket{dataLen=32, pktId=1, numMsgs=0, firstMsgId=-1, isACK=true, src=1, dst=3, relayedBy=3}
perfectlink deliver ACK
ACK:Packet{dataLen=32, pktId=1, numMsgs=0, firstMsgId=-1, isACK=true, src=1, dst=3, relayedBy=3}
beb deliver after beb deliver null
in urb deliver packet is null
fifo deliver after urb deliver, pkts from urb: []
broadcast user after fifo deliver
broadcast user receivingLoop after perfectLink deliver
broadcast user receivingLoop
in urb deliver()
in beb deliver
perfectlink deliver()
before socket receive, which blocks if no packet is received
fair loss link deliver() after socket.receive()
perfectlink after flink deliver()
pktRecv in perfect link deliverPacket{dataLen=32, pktId=2, numMsgs=2, firstMsgId=9, isACK=false, src=3, dst=1, relayedBy=3}
info: creating ACK packet
fairloss link send ACK to host /127.0.0.1port 11003
packet.src = 3, packet.pktId = 2
fairloss link after send ACK
beb deliver after beb deliver Packet{dataLen=32, pktId=2, numMsgs=2, firstMsgId=9, isACK=false, src=3, dst=1, relayedBy=3}
rebroadcast pkt: Packet{dataLen=32, pktId=2, numMsgs=2, firstMsgId=9, isACK=false, src=3, dst=1, relayedBy=3}
packet.dst:2
in send, sendQueue add packet:Packet{dataLen=32, pktId=2, numMsgs=2, firstMsgId=9, isACK=false, src=3, dst=2, relayedBy=1}
sendQueue: [Packet{dataLen=32, pktId=2, numMsgs=2, firstMsgId=9, isACK=false, src=1, dst=2, relayedBy=1}, Packet{dataLen=32, pktId=2, numMsgs=2, firstMsgId=9, isACK=false, src=1, dst=3, relayedBy=1}, Packet{dataLen=32, pktId=1, numMsgs=8, firstMsgId=1, isACK=false, src=3, dst=2, relayedBy=1}, Packet{dataLen=32, pktId=1, numMsgs=8, firstMsgId=1, isACK=false, src=3, dst=3, relayedBy=1}, Packet{dataLen=32, pktId=1, numMsgs=8, firstMsgId=1, isACK=false, src=2, dst=2, relayedBy=1}, Packet{dataLen=32, pktId=1, numMsgs=8, firstMsgId=1, isACK=false, src=2, dst=3, relayedBy=1}, Packet{dataLen=32, pktId=2, numMsgs=2, firstMsgId=9, isACK=false, src=3, dst=2, relayedBy=1}]
packet.dst:3
in send, sendQueue add packet:Packet{dataLen=32, pktId=2, numMsgs=2, firstMsgId=9, isACK=false, src=3, dst=3, relayedBy=1}
sendQueue: [Packet{dataLen=32, pktId=2, numMsgs=2, firstMsgId=9, isACK=false, src=1, dst=2, relayedBy=1}, Packet{dataLen=32, pktId=2, numMsgs=2, firstMsgId=9, isACK=false, src=1, dst=3, relayedBy=1}, Packet{dataLen=32, pktId=1, numMsgs=8, firstMsgId=1, isACK=false, src=3, dst=2, relayedBy=1}, Packet{dataLen=32, pktId=1, numMsgs=8, firstMsgId=1, isACK=false, src=3, dst=3, relayedBy=1}, Packet{dataLen=32, pktId=1, numMsgs=8, firstMsgId=1, isACK=false, src=2, dst=2, relayedBy=1}, Packet{dataLen=32, pktId=1, numMsgs=8, firstMsgId=1, isACK=false, src=2, dst=3, relayedBy=1}, Packet{dataLen=32, pktId=2, numMsgs=2, firstMsgId=9, isACK=false, src=3, dst=2, relayedBy=1}, Packet{dataLen=32, pktId=2, numMsgs=2, firstMsgId=9, isACK=false, src=3, dst=3, relayedBy=1}]
fifo deliver after urb deliver, pkts from urb: []
broadcast user after fifo deliver
broadcast user receivingLoop after perfectLink deliver
broadcast user receivingLoop
in urb deliver()
in beb deliver
perfectlink deliver()
before socket receive, which blocks if no packet is received
$$$submitloop in sendingLoop
$$$submitloop  sendQueue:[Packet{dataLen=32, pktId=2, numMsgs=2, firstMsgId=9, isACK=false, src=1, dst=2, relayedBy=1}, Packet{dataLen=32, pktId=2, numMsgs=2, firstMsgId=9, isACK=false, src=1, dst=3, relayedBy=1}, Packet{dataLen=32, pktId=1, numMsgs=8, firstMsgId=1, isACK=false, src=3, dst=2, relayedBy=1}, Packet{dataLen=32, pktId=1, numMsgs=8, firstMsgId=1, isACK=false, src=3, dst=3, relayedBy=1}, Packet{dataLen=32, pktId=1, numMsgs=8, firstMsgId=1, isACK=false, src=2, dst=2, relayedBy=1}, Packet{dataLen=32, pktId=1, numMsgs=8, firstMsgId=1, isACK=false, src=2, dst=3, relayedBy=1}, Packet{dataLen=32, pktId=2, numMsgs=2, firstMsgId=9, isACK=false, src=3, dst=2, relayedBy=1}, Packet{dataLen=32, pktId=2, numMsgs=2, firstMsgId=9, isACK=false, src=3, dst=3, relayedBy=1}]
$$$submitloop before sendQueue.take()
$$$submitloop  after sendQueue.take() pkt: Packet{dataLen=32, pktId=2, numMsgs=2, firstMsgId=9, isACK=false, src=1, dst=2, relayedBy=1}
###in perfect link submitasendtask() submitting sending packet: Packet{dataLen=32, pktId=2, numMsgs=2, firstMsgId=9, isACK=false, src=1, dst=2, relayedBy=1}
###in perfect link submitasendtask() pendingPktIdsNodeIDToPktIDs{nodeIdToPktIds={1=[3], 2=[], 3=[]}}
after submit send task of sending packet: Packet{dataLen=32, pktId=2, numMsgs=2, firstMsgId=9, isACK=false, src=1, dst=2, relayedBy=1}
$$$submitloop  after submit an task
###inside perfect link thread pool send() loop, pkt = Packet{dataLen=32, pktId=2, numMsgs=2, firstMsgId=9, isACK=false, src=1, dst=2, relayedBy=1}
in fairloss link send()
send to addr:/127.0.0.1, port:11002
fair loss link deliver() after socket.receive()
perfectlink after flink deliver()
pktRecv in perfect link deliverPacket{dataLen=32, pktId=2, numMsgs=0, firstMsgId=-1, isACK=true, src=1, dst=2, relayedBy=2}
perfectlink deliver ACK
ACK:Packet{dataLen=32, pktId=2, numMsgs=0, firstMsgId=-1, isACK=true, src=1, dst=2, relayedBy=2}
beb deliver after beb deliver null
in urb deliver packet is null
fifo deliver after urb deliver, pkts from urb: []
broadcast user after fifo deliver
broadcast user receivingLoop after perfectLink deliver
broadcast user receivingLoop
in urb deliver()
in beb deliver
perfectlink deliver()
before socket receive, which blocks if no packet is received
fair loss link deliver() after socket.receive()
perfectlink after flink deliver()
pktRecv in perfect link deliverPacket{dataLen=32, pktId=2, numMsgs=2, firstMsgId=9, isACK=false, src=2, dst=1, relayedBy=2}
info: creating ACK packet
fairloss link send ACK to host /127.0.0.1port 11002
packet.src = 2, packet.pktId = 2
fairloss link after send ACK
beb deliver after beb deliver Packet{dataLen=32, pktId=2, numMsgs=2, firstMsgId=9, isACK=false, src=2, dst=1, relayedBy=2}
rebroadcast pkt: Packet{dataLen=32, pktId=2, numMsgs=2, firstMsgId=9, isACK=false, src=2, dst=1, relayedBy=2}
packet.dst:2
in send, sendQueue add packet:Packet{dataLen=32, pktId=2, numMsgs=2, firstMsgId=9, isACK=false, src=2, dst=2, relayedBy=1}
sendQueue: [Packet{dataLen=32, pktId=2, numMsgs=2, firstMsgId=9, isACK=false, src=1, dst=3, relayedBy=1}, Packet{dataLen=32, pktId=1, numMsgs=8, firstMsgId=1, isACK=false, src=3, dst=2, relayedBy=1}, Packet{dataLen=32, pktId=1, numMsgs=8, firstMsgId=1, isACK=false, src=3, dst=3, relayedBy=1}, Packet{dataLen=32, pktId=1, numMsgs=8, firstMsgId=1, isACK=false, src=2, dst=2, relayedBy=1}, Packet{dataLen=32, pktId=1, numMsgs=8, firstMsgId=1, isACK=false, src=2, dst=3, relayedBy=1}, Packet{dataLen=32, pktId=2, numMsgs=2, firstMsgId=9, isACK=false, src=3, dst=2, relayedBy=1}, Packet{dataLen=32, pktId=2, numMsgs=2, firstMsgId=9, isACK=false, src=3, dst=3, relayedBy=1}, Packet{dataLen=32, pktId=2, numMsgs=2, firstMsgId=9, isACK=false, src=2, dst=2, relayedBy=1}]
packet.dst:3
in send, sendQueue add packet:Packet{dataLen=32, pktId=2, numMsgs=2, firstMsgId=9, isACK=false, src=2, dst=3, relayedBy=1}
sendQueue: [Packet{dataLen=32, pktId=2, numMsgs=2, firstMsgId=9, isACK=false, src=1, dst=3, relayedBy=1}, Packet{dataLen=32, pktId=1, numMsgs=8, firstMsgId=1, isACK=false, src=3, dst=2, relayedBy=1}, Packet{dataLen=32, pktId=1, numMsgs=8, firstMsgId=1, isACK=false, src=3, dst=3, relayedBy=1}, Packet{dataLen=32, pktId=1, numMsgs=8, firstMsgId=1, isACK=false, src=2, dst=2, relayedBy=1}, Packet{dataLen=32, pktId=1, numMsgs=8, firstMsgId=1, isACK=false, src=2, dst=3, relayedBy=1}, Packet{dataLen=32, pktId=2, numMsgs=2, firstMsgId=9, isACK=false, src=3, dst=2, relayedBy=1}, Packet{dataLen=32, pktId=2, numMsgs=2, firstMsgId=9, isACK=false, src=3, dst=3, relayedBy=1}, Packet{dataLen=32, pktId=2, numMsgs=2, firstMsgId=9, isACK=false, src=2, dst=2, relayedBy=1}, Packet{dataLen=32, pktId=2, numMsgs=2, firstMsgId=9, isACK=false, src=2, dst=3, relayedBy=1}]
fifo deliver after urb deliver, pkts from urb: []
broadcast user after fifo deliver
broadcast user receivingLoop after perfectLink deliver
broadcast user receivingLoop
in urb deliver()
in beb deliver
perfectlink deliver()
before socket receive, which blocks if no packet is received
$$$submitloop in sendingLoop
$$$submitloop  sendQueue:[Packet{dataLen=32, pktId=2, numMsgs=2, firstMsgId=9, isACK=false, src=1, dst=3, relayedBy=1}, Packet{dataLen=32, pktId=1, numMsgs=8, firstMsgId=1, isACK=false, src=3, dst=2, relayedBy=1}, Packet{dataLen=32, pktId=1, numMsgs=8, firstMsgId=1, isACK=false, src=3, dst=3, relayedBy=1}, Packet{dataLen=32, pktId=1, numMsgs=8, firstMsgId=1, isACK=false, src=2, dst=2, relayedBy=1}, Packet{dataLen=32, pktId=1, numMsgs=8, firstMsgId=1, isACK=false, src=2, dst=3, relayedBy=1}, Packet{dataLen=32, pktId=2, numMsgs=2, firstMsgId=9, isACK=false, src=3, dst=2, relayedBy=1}, Packet{dataLen=32, pktId=2, numMsgs=2, firstMsgId=9, isACK=false, src=3, dst=3, relayedBy=1}, Packet{dataLen=32, pktId=2, numMsgs=2, firstMsgId=9, isACK=false, src=2, dst=2, relayedBy=1}, Packet{dataLen=32, pktId=2, numMsgs=2, firstMsgId=9, isACK=false, src=2, dst=3, relayedBy=1}]
$$$submitloop before sendQueue.take()
$$$submitloop  after sendQueue.take() pkt: Packet{dataLen=32, pktId=2, numMsgs=2, firstMsgId=9, isACK=false, src=1, dst=3, relayedBy=1}
###in perfect link submitasendtask() submitting sending packet: Packet{dataLen=32, pktId=2, numMsgs=2, firstMsgId=9, isACK=false, src=1, dst=3, relayedBy=1}
###in perfect link submitasendtask() pendingPktIdsNodeIDToPktIDs{nodeIdToPktIds={1=[4], 2=[], 3=[]}}
after submit send task of sending packet: Packet{dataLen=32, pktId=2, numMsgs=2, firstMsgId=9, isACK=false, src=1, dst=3, relayedBy=1}
$$$submitloop  after submit an task
###inside perfect link thread pool send() loop, pkt = Packet{dataLen=32, pktId=2, numMsgs=2, firstMsgId=9, isACK=false, src=1, dst=3, relayedBy=1}
in fairloss link send()
send to addr:/127.0.0.1, port:11003
$$$submitloop in sendingLoop
###inside perfect link thread pool send() loop, pkt = Packet{dataLen=32, pktId=2, numMsgs=2, firstMsgId=9, isACK=false, src=1, dst=3, relayedBy=1}
in fairloss link send()
$$$submitloop  sendQueue:[Packet{dataLen=32, pktId=1, numMsgs=8, firstMsgId=1, isACK=false, src=3, dst=2, relayedBy=1}, Packet{dataLen=32, pktId=1, numMsgs=8, firstMsgId=1, isACK=false, src=3, dst=3, relayedBy=1}, Packet{dataLen=32, pktId=1, numMsgs=8, firstMsgId=1, isACK=false, src=2, dst=2, relayedBy=1}, Packet{dataLen=32, pktId=1, numMsgs=8, firstMsgId=1, isACK=false, src=2, dst=3, relayedBy=1}, Packet{dataLen=32, pktId=2, numMsgs=2, firstMsgId=9, isACK=false, src=3, dst=2, relayedBy=1}, Packet{dataLen=32, pktId=2, numMsgs=2, firstMsgId=9, isACK=false, src=3, dst=3, relayedBy=1}, Packet{dataLen=32, pktId=2, numMsgs=2, firstMsgId=9, isACK=false, src=2, dst=2, relayedBy=1}, Packet{dataLen=32, pktId=2, numMsgs=2, firstMsgId=9, isACK=false, src=2, dst=3, relayedBy=1}]
send to addr:/127.0.0.1, port:11003
$$$submitloop before sendQueue.take()
$$$submitloop  after sendQueue.take() pkt: Packet{dataLen=32, pktId=1, numMsgs=8, firstMsgId=1, isACK=false, src=3, dst=2, relayedBy=1}
###in perfect link submitasendtask() submitting sending packet: Packet{dataLen=32, pktId=1, numMsgs=8, firstMsgId=1, isACK=false, src=3, dst=2, relayedBy=1}
###in perfect link submitasendtask() pendingPktIdsNodeIDToPktIDs{nodeIdToPktIds={1=[4], 2=[], 3=[5]}}
after submit send task of sending packet: Packet{dataLen=32, pktId=1, numMsgs=8, firstMsgId=1, isACK=false, src=3, dst=2, relayedBy=1}
$$$submitloop  after submit an task
###inside perfect link thread pool send() loop, pkt = Packet{dataLen=32, pktId=1, numMsgs=8, firstMsgId=1, isACK=false, src=3, dst=2, relayedBy=1}
in fairloss link send()
send to addr:/127.0.0.1, port:11002
fair loss link deliver() after socket.receive()
perfectlink after flink deliver()
pktRecv in perfect link deliverPacket{dataLen=32, pktId=1, numMsgs=0, firstMsgId=-1, isACK=true, src=3, dst=2, relayedBy=2}
perfectlink deliver ACK
ACK:Packet{dataLen=32, pktId=1, numMsgs=0, firstMsgId=-1, isACK=true, src=3, dst=2, relayedBy=2}
beb deliver after beb deliver null
in urb deliver packet is null
fifo deliver after urb deliver, pkts from urb: []
broadcast user after fifo deliver
broadcast user receivingLoop after perfectLink deliver
broadcast user receivingLoop
in urb deliver()
in beb deliver
perfectlink deliver()
before socket receive, which blocks if no packet is received
fair loss link deliver() after socket.receive()
perfectlink after flink deliver()
pktRecv in perfect link deliverPacket{dataLen=32, pktId=1, numMsgs=8, firstMsgId=1, isACK=false, src=1, dst=1, relayedBy=2}
info: creating ACK packet
fairloss link send ACK to host /127.0.0.1port 11002
packet.src = 1, packet.pktId = 1
fairloss link after send ACK
beb deliver after beb deliver Packet{dataLen=32, pktId=1, numMsgs=8, firstMsgId=1, isACK=false, src=1, dst=1, relayedBy=2}
*** pending: NodeIdToPackets{nodeIdToPackets={1=[Packet{dataLen=32, pktId=2, numMsgs=2, firstMsgId=9, isACK=false, src=1, dst=-1, relayedBy=1}, Packet{dataLen=32, pktId=1, numMsgs=8, firstMsgId=1, isACK=false, src=1, dst=-1, relayedBy=1}], 2=[Packet{dataLen=32, pktId=1, numMsgs=8, firstMsgId=1, isACK=false, src=2, dst=1, relayedBy=2}, Packet{dataLen=32, pktId=2, numMsgs=2, firstMsgId=9, isACK=false, src=2, dst=1, relayedBy=2}], 3=[Packet{dataLen=32, pktId=2, numMsgs=2, firstMsgId=9, isACK=false, src=3, dst=1, relayedBy=3}, Packet{dataLen=32, pktId=1, numMsgs=8, firstMsgId=1, isACK=false, src=3, dst=1, relayedBy=3}]}}
*** ACKAcks{acks={1={1=[1, 2], 2=[1]}, 2={1=[1, 2], 2=[1, 2]}, 3={1=[1, 3], 2=[1, 3]}}}
@@@in get deliverable packets
@@@pendingNodeIdToPackets{nodeIdToPackets={1=[Packet{dataLen=32, pktId=2, numMsgs=2, firstMsgId=9, isACK=false, src=1, dst=-1, relayedBy=1}, Packet{dataLen=32, pktId=1, numMsgs=8, firstMsgId=1, isACK=false, src=1, dst=-1, relayedBy=1}], 2=[Packet{dataLen=32, pktId=1, numMsgs=8, firstMsgId=1, isACK=false, src=2, dst=1, relayedBy=2}, Packet{dataLen=32, pktId=2, numMsgs=2, firstMsgId=9, isACK=false, src=2, dst=1, relayedBy=2}], 3=[Packet{dataLen=32, pktId=2, numMsgs=2, firstMsgId=9, isACK=false, src=3, dst=1, relayedBy=3}, Packet{dataLen=32, pktId=1, numMsgs=8, firstMsgId=1, isACK=false, src=3, dst=1, relayedBy=3}]}}
@@@acks:Acks{acks={1={1=[1, 2], 2=[1]}, 2={1=[1, 2], 2=[1, 2]}, 3={1=[1, 3], 2=[1, 3]}}}
@@@deliveredNodeIDToPktIDs{nodeIdToPktIds={1=[], 2=[], 3=[]}}
@@@pkt: Packet{dataLen=32, pktId=2, numMsgs=2, firstMsgId=9, isACK=false, src=1, dst=-1, relayedBy=1}
@@@acks.ackedByMajority(pkt.getSrc(), pkt.getPktId()):false
@@@!delivered.alreadyContainsPacket(pkt.getSrc(), pkt.getPktId()))true
@@@pkt: Packet{dataLen=32, pktId=1, numMsgs=8, firstMsgId=1, isACK=false, src=1, dst=-1, relayedBy=1}
@@@acks.ackedByMajority(pkt.getSrc(), pkt.getPktId()):true
@@@!delivered.alreadyContainsPacket(pkt.getSrc(), pkt.getPktId()))true
@@@added to result
@@@pkt: Packet{dataLen=32, pktId=1, numMsgs=8, firstMsgId=1, isACK=false, src=2, dst=1, relayedBy=2}
@@@acks.ackedByMajority(pkt.getSrc(), pkt.getPktId()):true
@@@!delivered.alreadyContainsPacket(pkt.getSrc(), pkt.getPktId()))true
@@@added to result
@@@pkt: Packet{dataLen=32, pktId=2, numMsgs=2, firstMsgId=9, isACK=false, src=2, dst=1, relayedBy=2}
@@@acks.ackedByMajority(pkt.getSrc(), pkt.getPktId()):true
@@@!delivered.alreadyContainsPacket(pkt.getSrc(), pkt.getPktId()))true
@@@added to result
@@@pkt: Packet{dataLen=32, pktId=2, numMsgs=2, firstMsgId=9, isACK=false, src=3, dst=1, relayedBy=3}
@@@acks.ackedByMajority(pkt.getSrc(), pkt.getPktId()):true
@@@!delivered.alreadyContainsPacket(pkt.getSrc(), pkt.getPktId()))true
@@@added to result
@@@pkt: Packet{dataLen=32, pktId=1, numMsgs=8, firstMsgId=1, isACK=false, src=3, dst=1, relayedBy=3}
@@@acks.ackedByMajority(pkt.getSrc(), pkt.getPktId()):true
@@@!delivered.alreadyContainsPacket(pkt.getSrc(), pkt.getPktId()))true
@@@added to result
in urb deliver res: [Packet{dataLen=32, pktId=1, numMsgs=8, firstMsgId=1, isACK=false, src=1, dst=-1, relayedBy=1}, Packet{dataLen=32, pktId=1, numMsgs=8, firstMsgId=1, isACK=false, src=2, dst=1, relayedBy=2}, Packet{dataLen=32, pktId=2, numMsgs=2, firstMsgId=9, isACK=false, src=2, dst=1, relayedBy=2}, Packet{dataLen=32, pktId=2, numMsgs=2, firstMsgId=9, isACK=false, src=3, dst=1, relayedBy=3}, Packet{dataLen=32, pktId=1, numMsgs=8, firstMsgId=1, isACK=false, src=3, dst=1, relayedBy=3}]
fifo deliver after urb deliver, pkts from urb: [Packet{dataLen=32, pktId=1, numMsgs=8, firstMsgId=1, isACK=false, src=1, dst=-1, relayedBy=1}, Packet{dataLen=32, pktId=1, numMsgs=8, firstMsgId=1, isACK=false, src=2, dst=1, relayedBy=2}, Packet{dataLen=32, pktId=2, numMsgs=2, firstMsgId=9, isACK=false, src=2, dst=1, relayedBy=2}, Packet{dataLen=32, pktId=2, numMsgs=2, firstMsgId=9, isACK=false, src=3, dst=1, relayedBy=3}, Packet{dataLen=32, pktId=1, numMsgs=8, firstMsgId=1, isACK=false, src=3, dst=1, relayedBy=3}]
broadcast user after fifo deliver
broadcast user gets finally gets packets!
d 1 1

d 1 2

d 1 3

d 1 4

d 1 5

d 1 6

d 1 7

d 1 8

d 2 1

d 2 2

d 2 3

d 2 4

d 2 5

d 2 6

d 2 7

d 2 8

d 2 9

d 2 10

d 3 1

d 3 2

d 3 3

d 3 4

d 3 5

d 3 6

d 3 7

d 3 8

d 3 9

d 3 10

broadcast user receivingLoop after perfectLink deliver
broadcast user receivingLoop
in urb deliver()
in beb deliver
perfectlink deliver()
before socket receive, which blocks if no packet is received
$$$submitloop in sendingLoop
$$$submitloop  sendQueue:[Packet{dataLen=32, pktId=1, numMsgs=8, firstMsgId=1, isACK=false, src=3, dst=3, relayedBy=1}, Packet{dataLen=32, pktId=1, numMsgs=8, firstMsgId=1, isACK=false, src=2, dst=2, relayedBy=1}, Packet{dataLen=32, pktId=1, numMsgs=8, firstMsgId=1, isACK=false, src=2, dst=3, relayedBy=1}, Packet{dataLen=32, pktId=2, numMsgs=2, firstMsgId=9, isACK=false, src=3, dst=2, relayedBy=1}, Packet{dataLen=32, pktId=2, numMsgs=2, firstMsgId=9, isACK=false, src=3, dst=3, relayedBy=1}, Packet{dataLen=32, pktId=2, numMsgs=2, firstMsgId=9, isACK=false, src=2, dst=2, relayedBy=1}, Packet{dataLen=32, pktId=2, numMsgs=2, firstMsgId=9, isACK=false, src=2, dst=3, relayedBy=1}]
###inside perfect link thread pool send() loop, pkt = Packet{dataLen=32, pktId=2, numMsgs=2, firstMsgId=9, isACK=false, src=1, dst=3, relayedBy=1}
in fairloss link send()
send to addr:/127.0.0.1, port:11003
$$$submitloop before sendQueue.take()
$$$submitloop  after sendQueue.take() pkt: Packet{dataLen=32, pktId=1, numMsgs=8, firstMsgId=1, isACK=false, src=3, dst=3, relayedBy=1}
###in perfect link submitasendtask() submitting sending packet: Packet{dataLen=32, pktId=1, numMsgs=8, firstMsgId=1, isACK=false, src=3, dst=3, relayedBy=1}
###in perfect link submitasendtask() pendingPktIdsNodeIDToPktIDs{nodeIdToPktIds={1=[4], 2=[], 3=[6]}}
after submit send task of sending packet: Packet{dataLen=32, pktId=1, numMsgs=8, firstMsgId=1, isACK=false, src=3, dst=3, relayedBy=1}
$$$submitloop  after submit an task
###inside perfect link thread pool send() loop, pkt = Packet{dataLen=32, pktId=1, numMsgs=8, firstMsgId=1, isACK=false, src=3, dst=3, relayedBy=1}
in fairloss link send()
send to addr:/127.0.0.1, port:11003
###inside perfect link thread pool send() loop, pkt = Packet{dataLen=32, pktId=2, numMsgs=2, firstMsgId=9, isACK=false, src=1, dst=3, relayedBy=1}
in fairloss link send()
send to addr:/127.0.0.1, port:11003
$$$submitloop in sendingLoop
$$$submitloop  sendQueue:[Packet{dataLen=32, pktId=1, numMsgs=8, firstMsgId=1, isACK=false, src=2, dst=2, relayedBy=1}, Packet{dataLen=32, pktId=1, numMsgs=8, firstMsgId=1, isACK=false, src=2, dst=3, relayedBy=1}, Packet{dataLen=32, pktId=2, numMsgs=2, firstMsgId=9, isACK=false, src=3, dst=2, relayedBy=1}, Packet{dataLen=32, pktId=2, numMsgs=2, firstMsgId=9, isACK=false, src=3, dst=3, relayedBy=1}, Packet{dataLen=32, pktId=2, numMsgs=2, firstMsgId=9, isACK=false, src=2, dst=2, relayedBy=1}, Packet{dataLen=32, pktId=2, numMsgs=2, firstMsgId=9, isACK=false, src=2, dst=3, relayedBy=1}]
$$$submitloop before sendQueue.take()
$$$submitloop  after sendQueue.take() pkt: Packet{dataLen=32, pktId=1, numMsgs=8, firstMsgId=1, isACK=false, src=2, dst=2, relayedBy=1}
###in perfect link submitasendtask() submitting sending packet: Packet{dataLen=32, pktId=1, numMsgs=8, firstMsgId=1, isACK=false, src=2, dst=2, relayedBy=1}
###in perfect link submitasendtask() pendingPktIdsNodeIDToPktIDs{nodeIdToPktIds={1=[4], 2=[7], 3=[6]}}
after submit send task of sending packet: Packet{dataLen=32, pktId=1, numMsgs=8, firstMsgId=1, isACK=false, src=2, dst=2, relayedBy=1}
$$$submitloop  after submit an task
###inside perfect link thread pool send() loop, pkt = Packet{dataLen=32, pktId=1, numMsgs=8, firstMsgId=1, isACK=false, src=3, dst=3, relayedBy=1}
in fairloss link send()
send to addr:/127.0.0.1, port:11003
###inside perfect link thread pool send() loop, pkt = Packet{dataLen=32, pktId=2, numMsgs=2, firstMsgId=9, isACK=false, src=1, dst=3, relayedBy=1}
in fairloss link send()
send to addr:/127.0.0.1, port:11003
$$$submitloop in sendingLoop
###inside perfect link thread pool send() loop, pkt = Packet{dataLen=32, pktId=1, numMsgs=8, firstMsgId=1, isACK=false, src=3, dst=3, relayedBy=1}
in fairloss link send()
$$$submitloop  sendQueue:[Packet{dataLen=32, pktId=1, numMsgs=8, firstMsgId=1, isACK=false, src=2, dst=3, relayedBy=1}, Packet{dataLen=32, pktId=2, numMsgs=2, firstMsgId=9, isACK=false, src=3, dst=2, relayedBy=1}, Packet{dataLen=32, pktId=2, numMsgs=2, firstMsgId=9, isACK=false, src=3, dst=3, relayedBy=1}, Packet{dataLen=32, pktId=2, numMsgs=2, firstMsgId=9, isACK=false, src=2, dst=2, relayedBy=1}, Packet{dataLen=32, pktId=2, numMsgs=2, firstMsgId=9, isACK=false, src=2, dst=3, relayedBy=1}]
send to addr:/127.0.0.1, port:11003
$$$submitloop before sendQueue.take()
$$$submitloop  after sendQueue.take() pkt: Packet{dataLen=32, pktId=1, numMsgs=8, firstMsgId=1, isACK=false, src=2, dst=3, relayedBy=1}
###in perfect link submitasendtask() submitting sending packet: Packet{dataLen=32, pktId=1, numMsgs=8, firstMsgId=1, isACK=false, src=2, dst=3, relayedBy=1}
###in perfect link submitasendtask() pendingPktIdsNodeIDToPktIDs{nodeIdToPktIds={1=[4], 2=[7, 8], 3=[6]}}
after submit send task of sending packet: Packet{dataLen=32, pktId=1, numMsgs=8, firstMsgId=1, isACK=false, src=2, dst=3, relayedBy=1}
$$$submitloop  after submit an task
###inside perfect link thread pool send() loop, pkt = Packet{dataLen=32, pktId=2, numMsgs=2, firstMsgId=9, isACK=false, src=1, dst=3, relayedBy=1}
in fairloss link send()
send to addr:/127.0.0.1, port:11003
$$$submitloop in sendingLoop
###inside perfect link thread pool send() loop, pkt = Packet{dataLen=32, pktId=1, numMsgs=8, firstMsgId=1, isACK=false, src=3, dst=3, relayedBy=1}
in fairloss link send()
$$$submitloop  sendQueue:[Packet{dataLen=32, pktId=2, numMsgs=2, firstMsgId=9, isACK=false, src=3, dst=2, relayedBy=1}, Packet{dataLen=32, pktId=2, numMsgs=2, firstMsgId=9, isACK=false, src=3, dst=3, relayedBy=1}, Packet{dataLen=32, pktId=2, numMsgs=2, firstMsgId=9, isACK=false, src=2, dst=2, relayedBy=1}, Packet{dataLen=32, pktId=2, numMsgs=2, firstMsgId=9, isACK=false, src=2, dst=3, relayedBy=1}]
send to addr:/127.0.0.1, port:11003
$$$submitloop before sendQueue.take()
$$$submitloop  after sendQueue.take() pkt: Packet{dataLen=32, pktId=2, numMsgs=2, firstMsgId=9, isACK=false, src=3, dst=2, relayedBy=1}
###in perfect link submitasendtask() submitting sending packet: Packet{dataLen=32, pktId=2, numMsgs=2, firstMsgId=9, isACK=false, src=3, dst=2, relayedBy=1}
###in perfect link submitasendtask() pendingPktIdsNodeIDToPktIDs{nodeIdToPktIds={1=[4], 2=[7, 8], 3=[6, 9]}}
after submit send task of sending packet: Packet{dataLen=32, pktId=2, numMsgs=2, firstMsgId=9, isACK=false, src=3, dst=2, relayedBy=1}
$$$submitloop  after submit an task
$$$submitloop in sendingLoop
###inside perfect link thread pool send() loop, pkt = Packet{dataLen=32, pktId=2, numMsgs=2, firstMsgId=9, isACK=false, src=1, dst=3, relayedBy=1}
in fairloss link send()
$$$submitloop  sendQueue:[Packet{dataLen=32, pktId=2, numMsgs=2, firstMsgId=9, isACK=false, src=3, dst=3, relayedBy=1}, Packet{dataLen=32, pktId=2, numMsgs=2, firstMsgId=9, isACK=false, src=2, dst=2, relayedBy=1}, Packet{dataLen=32, pktId=2, numMsgs=2, firstMsgId=9, isACK=false, src=2, dst=3, relayedBy=1}]
send to addr:/127.0.0.1, port:11003
###inside perfect link thread pool send() loop, pkt = Packet{dataLen=32, pktId=1, numMsgs=8, firstMsgId=1, isACK=false, src=3, dst=3, relayedBy=1}
in fairloss link send()
send to addr:/127.0.0.1, port:11003
$$$submitloop before sendQueue.take()
$$$submitloop  after sendQueue.take() pkt: Packet{dataLen=32, pktId=2, numMsgs=2, firstMsgId=9, isACK=false, src=3, dst=3, relayedBy=1}
###in perfect link submitasendtask() submitting sending packet: Packet{dataLen=32, pktId=2, numMsgs=2, firstMsgId=9, isACK=false, src=3, dst=3, relayedBy=1}
###in perfect link submitasendtask() pendingPktIdsNodeIDToPktIDs{nodeIdToPktIds={1=[4], 2=[7, 8], 3=[6, 9, 10]}}
after submit send task of sending packet: Packet{dataLen=32, pktId=2, numMsgs=2, firstMsgId=9, isACK=false, src=3, dst=3, relayedBy=1}
$$$submitloop  after submit an task
$$$submitloop in sendingLoop
$$$submitloop  sendQueue:[Packet{dataLen=32, pktId=2, numMsgs=2, firstMsgId=9, isACK=false, src=2, dst=2, relayedBy=1}, Packet{dataLen=32, pktId=2, numMsgs=2, firstMsgId=9, isACK=false, src=2, dst=3, relayedBy=1}]
$$$submitloop before sendQueue.take()
$$$submitloop  after sendQueue.take() pkt: Packet{dataLen=32, pktId=2, numMsgs=2, firstMsgId=9, isACK=false, src=2, dst=2, relayedBy=1}
###in perfect link submitasendtask() submitting sending packet: Packet{dataLen=32, pktId=2, numMsgs=2, firstMsgId=9, isACK=false, src=2, dst=2, relayedBy=1}
###in perfect link submitasendtask() pendingPktIdsNodeIDToPktIDs{nodeIdToPktIds={1=[4], 2=[7, 8, 11], 3=[6, 9, 10]}}
###inside perfect link thread pool send() loop, pkt = Packet{dataLen=32, pktId=1, numMsgs=8, firstMsgId=1, isACK=false, src=3, dst=3, relayedBy=1}
in fairloss link send()
send to addr:/127.0.0.1, port:11003
###inside perfect link thread pool send() loop, pkt = Packet{dataLen=32, pktId=2, numMsgs=2, firstMsgId=9, isACK=false, src=1, dst=3, relayedBy=1}
in fairloss link send()
after submit send task of sending packet: Packet{dataLen=32, pktId=2, numMsgs=2, firstMsgId=9, isACK=false, src=2, dst=2, relayedBy=1}
$$$submitloop  after submit an task
send to addr:/127.0.0.1, port:11003
###inside perfect link thread pool send() loop, pkt = Packet{dataLen=32, pktId=1, numMsgs=8, firstMsgId=1, isACK=false, src=3, dst=3, relayedBy=1}
in fairloss link send()
send to addr:/127.0.0.1, port:11003
$$$submitloop in sendingLoop
$$$submitloop  sendQueue:[Packet{dataLen=32, pktId=2, numMsgs=2, firstMsgId=9, isACK=false, src=2, dst=3, relayedBy=1}]
$$$submitloop before sendQueue.take()
$$$submitloop  after sendQueue.take() pkt: Packet{dataLen=32, pktId=2, numMsgs=2, firstMsgId=9, isACK=false, src=2, dst=3, relayedBy=1}
###in perfect link submitasendtask() submitting sending packet: Packet{dataLen=32, pktId=2, numMsgs=2, firstMsgId=9, isACK=false, src=2, dst=3, relayedBy=1}
###in perfect link submitasendtask() pendingPktIdsNodeIDToPktIDs{nodeIdToPktIds={1=[4], 2=[7, 8, 11, 12], 3=[6, 9, 10]}}
after submit send task of sending packet: Packet{dataLen=32, pktId=2, numMsgs=2, firstMsgId=9, isACK=false, src=2, dst=3, relayedBy=1}
$$$submitloop  after submit an task
###inside perfect link thread pool send() loop, pkt = Packet{dataLen=32, pktId=2, numMsgs=2, firstMsgId=9, isACK=false, src=1, dst=3, relayedBy=1}
in fairloss link send()
send to addr:/127.0.0.1, port:11003
$$$submitloop in sendingLoop
$$$submitloop  sendQueue:[]
$$$submitloop before sendQueue.take()
###inside perfect link thread pool send() loop, pkt = Packet{dataLen=32, pktId=1, numMsgs=8, firstMsgId=1, isACK=false, src=3, dst=3, relayedBy=1}
in fairloss link send()
send to addr:/127.0.0.1, port:11003
###inside perfect link thread pool send() loop, pkt = Packet{dataLen=32, pktId=2, numMsgs=2, firstMsgId=9, isACK=false, src=1, dst=3, relayedBy=1}
in fairloss link send()
send to addr:/127.0.0.1, port:11003
###inside perfect link thread pool send() loop, pkt = Packet{dataLen=32, pktId=1, numMsgs=8, firstMsgId=1, isACK=false, src=3, dst=3, relayedBy=1}
###inside perfect link thread pool send() loop, pkt = Packet{dataLen=32, pktId=2, numMsgs=2, firstMsgId=9, isACK=false, src=1, dst=3, relayedBy=1}
in fairloss link send()
in fairloss link send()
send to addr:/127.0.0.1, port:11003
send to addr:/127.0.0.1, port:11003
###inside perfect link thread pool send() loop, pkt = Packet{dataLen=32, pktId=1, numMsgs=8, firstMsgId=1, isACK=false, src=3, dst=3, relayedBy=1}
in fairloss link send()
send to addr:/127.0.0.1, port:11003
###inside perfect link thread pool send() loop, pkt = Packet{dataLen=32, pktId=2, numMsgs=2, firstMsgId=9, isACK=false, src=1, dst=3, relayedBy=1}
in fairloss link send()
send to addr:/127.0.0.1, port:11003
###inside perfect link thread pool send() loop, pkt = Packet{dataLen=32, pktId=1, numMsgs=8, firstMsgId=1, isACK=false, src=3, dst=3, relayedBy=1}
in fairloss link send()
send to addr:/127.0.0.1, port:11003
###inside perfect link thread pool send() loop, pkt = Packet{dataLen=32, pktId=2, numMsgs=2, firstMsgId=9, isACK=false, src=1, dst=3, relayedBy=1}
in fairloss link send()
send to addr:/127.0.0.1, port:11003
###inside perfect link thread pool send() loop, pkt = Packet{dataLen=32, pktId=1, numMsgs=8, firstMsgId=1, isACK=false, src=3, dst=3, relayedBy=1}
in fairloss link send()
send to addr:/127.0.0.1, port:11003
###inside perfect link thread pool send() loop, pkt = Packet{dataLen=32, pktId=2, numMsgs=2, firstMsgId=9, isACK=false, src=1, dst=3, relayedBy=1}
in fairloss link send()
send to addr:/127.0.0.1, port:11003
###inside perfect link thread pool send() loop, pkt = Packet{dataLen=32, pktId=1, numMsgs=8, firstMsgId=1, isACK=false, src=3, dst=3, relayedBy=1}
in fairloss link send()
send to addr:/127.0.0.1, port:11003
###inside perfect link thread pool send() loop, pkt = Packet{dataLen=32, pktId=2, numMsgs=2, firstMsgId=9, isACK=false, src=1, dst=3, relayedBy=1}
in fairloss link send()
send to addr:/127.0.0.1, port:11003
###inside perfect link thread pool send() loop, pkt = Packet{dataLen=32, pktId=1, numMsgs=8, firstMsgId=1, isACK=false, src=3, dst=3, relayedBy=1}
in fairloss link send()
send to addr:/127.0.0.1, port:11003
###inside perfect link thread pool send() loop, pkt = Packet{dataLen=32, pktId=2, numMsgs=2, firstMsgId=9, isACK=false, src=1, dst=3, relayedBy=1}
in fairloss link send()
send to addr:/127.0.0.1, port:11003
###inside perfect link thread pool send() loop, pkt = Packet{dataLen=32, pktId=1, numMsgs=8, firstMsgId=1, isACK=false, src=3, dst=3, relayedBy=1}
in fairloss link send()
###inside perfect link thread pool send() loop, pkt = Packet{dataLen=32, pktId=2, numMsgs=2, firstMsgId=9, isACK=false, src=1, dst=3, relayedBy=1}
in fairloss link send()
send to addr:/127.0.0.1, port:11003
send to addr:/127.0.0.1, port:11003
###inside perfect link thread pool send() loop, pkt = Packet{dataLen=32, pktId=2, numMsgs=2, firstMsgId=9, isACK=false, src=1, dst=3, relayedBy=1}
in fairloss link send()
###inside perfect link thread pool send() loop, pkt = Packet{dataLen=32, pktId=1, numMsgs=8, firstMsgId=1, isACK=false, src=3, dst=3, relayedBy=1}
in fairloss link send()
send to addr:/127.0.0.1, port:11003
send to addr:/127.0.0.1, port:11003
###inside perfect link thread pool send() loop, pkt = Packet{dataLen=32, pktId=1, numMsgs=8, firstMsgId=1, isACK=false, src=3, dst=3, relayedBy=1}
in fairloss link send()
send to addr:/127.0.0.1, port:11003
###inside perfect link thread pool send() loop, pkt = Packet{dataLen=32, pktId=2, numMsgs=2, firstMsgId=9, isACK=false, src=1, dst=3, relayedBy=1}
in fairloss link send()
send to addr:/127.0.0.1, port:11003
###inside perfect link thread pool send() loop, pkt = Packet{dataLen=32, pktId=2, numMsgs=2, firstMsgId=9, isACK=false, src=1, dst=3, relayedBy=1}
in fairloss link send()
send to addr:/127.0.0.1, port:11003
###inside perfect link thread pool send() loop, pkt = Packet{dataLen=32, pktId=1, numMsgs=8, firstMsgId=1, isACK=false, src=3, dst=3, relayedBy=1}
in fairloss link send()
send to addr:/127.0.0.1, port:11003
###inside perfect link thread pool send() loop, pkt = Packet{dataLen=32, pktId=1, numMsgs=8, firstMsgId=1, isACK=false, src=3, dst=3, relayedBy=1}
in fairloss link send()
send to addr:/127.0.0.1, port:11003
###inside perfect link thread pool send() loop, pkt = Packet{dataLen=32, pktId=2, numMsgs=2, firstMsgId=9, isACK=false, src=1, dst=3, relayedBy=1}
in fairloss link send()
send to addr:/127.0.0.1, port:11003
###inside perfect link thread pool send() loop, pkt = Packet{dataLen=32, pktId=1, numMsgs=8, firstMsgId=1, isACK=false, src=3, dst=3, relayedBy=1}
in fairloss link send()
send to addr:/127.0.0.1, port:11003
###inside perfect link thread pool send() loop, pkt = Packet{dataLen=32, pktId=2, numMsgs=2, firstMsgId=9, isACK=false, src=1, dst=3, relayedBy=1}
in fairloss link send()
send to addr:/127.0.0.1, port:11003
###inside perfect link thread pool send() loop, pkt = Packet{dataLen=32, pktId=1, numMsgs=8, firstMsgId=1, isACK=false, src=3, dst=3, relayedBy=1}
in fairloss link send()
send to addr:/127.0.0.1, port:11003
###inside perfect link thread pool send() loop, pkt = Packet{dataLen=32, pktId=2, numMsgs=2, firstMsgId=9, isACK=false, src=1, dst=3, relayedBy=1}
in fairloss link send()
send to addr:/127.0.0.1, port:11003
###inside perfect link thread pool send() loop, pkt = Packet{dataLen=32, pktId=1, numMsgs=8, firstMsgId=1, isACK=false, src=3, dst=3, relayedBy=1}
in fairloss link send()
send to addr:/127.0.0.1, port:11003
###inside perfect link thread pool send() loop, pkt = Packet{dataLen=32, pktId=2, numMsgs=2, firstMsgId=9, isACK=false, src=1, dst=3, relayedBy=1}
in fairloss link send()
send to addr:/127.0.0.1, port:11003
###inside perfect link thread pool send() loop, pkt = Packet{dataLen=32, pktId=1, numMsgs=8, firstMsgId=1, isACK=false, src=3, dst=3, relayedBy=1}
in fairloss link send()
send to addr:/127.0.0.1, port:11003
###inside perfect link thread pool send() loop, pkt = Packet{dataLen=32, pktId=2, numMsgs=2, firstMsgId=9, isACK=false, src=1, dst=3, relayedBy=1}
in fairloss link send()
send to addr:/127.0.0.1, port:11003
###inside perfect link thread pool send() loop, pkt = Packet{dataLen=32, pktId=1, numMsgs=8, firstMsgId=1, isACK=false, src=3, dst=3, relayedBy=1}
in fairloss link send()
send to addr:/127.0.0.1, port:11003
###inside perfect link thread pool send() loop, pkt = Packet{dataLen=32, pktId=2, numMsgs=2, firstMsgId=9, isACK=false, src=1, dst=3, relayedBy=1}
in fairloss link send()
send to addr:/127.0.0.1, port:11003
###inside perfect link thread pool send() loop, pkt = Packet{dataLen=32, pktId=1, numMsgs=8, firstMsgId=1, isACK=false, src=3, dst=3, relayedBy=1}
in fairloss link send()
send to addr:/127.0.0.1, port:11003
###inside perfect link thread pool send() loop, pkt = Packet{dataLen=32, pktId=2, numMsgs=2, firstMsgId=9, isACK=false, src=1, dst=3, relayedBy=1}
in fairloss link send()
send to addr:/127.0.0.1, port:11003
###inside perfect link thread pool send() loop, pkt = Packet{dataLen=32, pktId=1, numMsgs=8, firstMsgId=1, isACK=false, src=3, dst=3, relayedBy=1}
in fairloss link send()
send to addr:/127.0.0.1, port:11003
###inside perfect link thread pool send() loop, pkt = Packet{dataLen=32, pktId=2, numMsgs=2, firstMsgId=9, isACK=false, src=1, dst=3, relayedBy=1}
in fairloss link send()
send to addr:/127.0.0.1, port:11003
###inside perfect link thread pool send() loop, pkt = Packet{dataLen=32, pktId=1, numMsgs=8, firstMsgId=1, isACK=false, src=3, dst=3, relayedBy=1}
in fairloss link send()
send to addr:/127.0.0.1, port:11003
###inside perfect link thread pool send() loop, pkt = Packet{dataLen=32, pktId=2, numMsgs=2, firstMsgId=9, isACK=false, src=1, dst=3, relayedBy=1}
in fairloss link send()
send to addr:/127.0.0.1, port:11003
###inside perfect link thread pool send() loop, pkt = Packet{dataLen=32, pktId=1, numMsgs=8, firstMsgId=1, isACK=false, src=3, dst=3, relayedBy=1}
in fairloss link send()
send to addr:/127.0.0.1, port:11003
###inside perfect link thread pool send() loop, pkt = Packet{dataLen=32, pktId=2, numMsgs=2, firstMsgId=9, isACK=false, src=1, dst=3, relayedBy=1}
in fairloss link send()
send to addr:/127.0.0.1, port:11003
###inside perfect link thread pool send() loop, pkt = Packet{dataLen=32, pktId=1, numMsgs=8, firstMsgId=1, isACK=false, src=3, dst=3, relayedBy=1}
in fairloss link send()
send to addr:/127.0.0.1, port:11003
###inside perfect link thread pool send() loop, pkt = Packet{dataLen=32, pktId=2, numMsgs=2, firstMsgId=9, isACK=false, src=1, dst=3, relayedBy=1}
in fairloss link send()
send to addr:/127.0.0.1, port:11003
###inside perfect link thread pool send() loop, pkt = Packet{dataLen=32, pktId=1, numMsgs=8, firstMsgId=1, isACK=false, src=3, dst=3, relayedBy=1}
in fairloss link send()
send to addr:/127.0.0.1, port:11003
###inside perfect link thread pool send() loop, pkt = Packet{dataLen=32, pktId=2, numMsgs=2, firstMsgId=9, isACK=false, src=1, dst=3, relayedBy=1}
in fairloss link send()
send to addr:/127.0.0.1, port:11003
###inside perfect link thread pool send() loop, pkt = Packet{dataLen=32, pktId=1, numMsgs=8, firstMsgId=1, isACK=false, src=3, dst=3, relayedBy=1}
in fairloss link send()
send to addr:/127.0.0.1, port:11003
###inside perfect link thread pool send() loop, pkt = Packet{dataLen=32, pktId=2, numMsgs=2, firstMsgId=9, isACK=false, src=1, dst=3, relayedBy=1}
in fairloss link send()
send to addr:/127.0.0.1, port:11003
###inside perfect link thread pool send() loop, pkt = Packet{dataLen=32, pktId=1, numMsgs=8, firstMsgId=1, isACK=false, src=3, dst=3, relayedBy=1}
in fairloss link send()
send to addr:/127.0.0.1, port:11003
###inside perfect link thread pool send() loop, pkt = Packet{dataLen=32, pktId=2, numMsgs=2, firstMsgId=9, isACK=false, src=1, dst=3, relayedBy=1}
in fairloss link send()
send to addr:/127.0.0.1, port:11003
###inside perfect link thread pool send() loop, pkt = Packet{dataLen=32, pktId=1, numMsgs=8, firstMsgId=1, isACK=false, src=3, dst=3, relayedBy=1}
in fairloss link send()
send to addr:/127.0.0.1, port:11003
###inside perfect link thread pool send() loop, pkt = Packet{dataLen=32, pktId=2, numMsgs=2, firstMsgId=9, isACK=false, src=1, dst=3, relayedBy=1}
in fairloss link send()
send to addr:/127.0.0.1, port:11003
###inside perfect link thread pool send() loop, pkt = Packet{dataLen=32, pktId=1, numMsgs=8, firstMsgId=1, isACK=false, src=3, dst=3, relayedBy=1}
in fairloss link send()
send to addr:/127.0.0.1, port:11003
###inside perfect link thread pool send() loop, pkt = Packet{dataLen=32, pktId=2, numMsgs=2, firstMsgId=9, isACK=false, src=1, dst=3, relayedBy=1}
in fairloss link send()
send to addr:/127.0.0.1, port:11003
###inside perfect link thread pool send() loop, pkt = Packet{dataLen=32, pktId=1, numMsgs=8, firstMsgId=1, isACK=false, src=3, dst=3, relayedBy=1}
in fairloss link send()
send to addr:/127.0.0.1, port:11003
###inside perfect link thread pool send() loop, pkt = Packet{dataLen=32, pktId=2, numMsgs=2, firstMsgId=9, isACK=false, src=1, dst=3, relayedBy=1}
in fairloss link send()
send to addr:/127.0.0.1, port:11003
###inside perfect link thread pool send() loop, pkt = Packet{dataLen=32, pktId=1, numMsgs=8, firstMsgId=1, isACK=false, src=3, dst=3, relayedBy=1}
in fairloss link send()
send to addr:/127.0.0.1, port:11003
###inside perfect link thread pool send() loop, pkt = Packet{dataLen=32, pktId=2, numMsgs=2, firstMsgId=9, isACK=false, src=1, dst=3, relayedBy=1}
in fairloss link send()
send to addr:/127.0.0.1, port:11003
###inside perfect link thread pool send() loop, pkt = Packet{dataLen=32, pktId=1, numMsgs=8, firstMsgId=1, isACK=false, src=3, dst=3, relayedBy=1}
in fairloss link send()
send to addr:/127.0.0.1, port:11003
###inside perfect link thread pool send() loop, pkt = Packet{dataLen=32, pktId=2, numMsgs=2, firstMsgId=9, isACK=false, src=1, dst=3, relayedBy=1}
in fairloss link send()
send to addr:/127.0.0.1, port:11003
###inside perfect link thread pool send() loop, pkt = Packet{dataLen=32, pktId=1, numMsgs=8, firstMsgId=1, isACK=false, src=3, dst=3, relayedBy=1}
in fairloss link send()
send to addr:/127.0.0.1, port:11003
###inside perfect link thread pool send() loop, pkt = Packet{dataLen=32, pktId=2, numMsgs=2, firstMsgId=9, isACK=false, src=1, dst=3, relayedBy=1}
in fairloss link send()
send to addr:/127.0.0.1, port:11003
###inside perfect link thread pool send() loop, pkt = Packet{dataLen=32, pktId=1, numMsgs=8, firstMsgId=1, isACK=false, src=3, dst=3, relayedBy=1}
in fairloss link send()
send to addr:/127.0.0.1, port:11003
###inside perfect link thread pool send() loop, pkt = Packet{dataLen=32, pktId=2, numMsgs=2, firstMsgId=9, isACK=false, src=1, dst=3, relayedBy=1}
in fairloss link send()
send to addr:/127.0.0.1, port:11003
###inside perfect link thread pool send() loop, pkt = Packet{dataLen=32, pktId=1, numMsgs=8, firstMsgId=1, isACK=false, src=3, dst=3, relayedBy=1}
in fairloss link send()
send to addr:/127.0.0.1, port:11003
###inside perfect link thread pool send() loop, pkt = Packet{dataLen=32, pktId=2, numMsgs=2, firstMsgId=9, isACK=false, src=1, dst=3, relayedBy=1}
in fairloss link send()
send to addr:/127.0.0.1, port:11003
###inside perfect link thread pool send() loop, pkt = Packet{dataLen=32, pktId=2, numMsgs=2, firstMsgId=9, isACK=false, src=1, dst=3, relayedBy=1}
in fairloss link send()
send to addr:/127.0.0.1, port:11003
###inside perfect link thread pool send() loop, pkt = Packet{dataLen=32, pktId=1, numMsgs=8, firstMsgId=1, isACK=false, src=3, dst=3, relayedBy=1}
in fairloss link send()
send to addr:/127.0.0.1, port:11003
###inside perfect link thread pool send() loop, pkt = Packet{dataLen=32, pktId=2, numMsgs=2, firstMsgId=9, isACK=false, src=1, dst=3, relayedBy=1}
in fairloss link send()
send to addr:/127.0.0.1, port:11003
###inside perfect link thread pool send() loop, pkt = Packet{dataLen=32, pktId=1, numMsgs=8, firstMsgId=1, isACK=false, src=3, dst=3, relayedBy=1}
in fairloss link send()
send to addr:/127.0.0.1, port:11003
###inside perfect link thread pool send() loop, pkt = Packet{dataLen=32, pktId=2, numMsgs=2, firstMsgId=9, isACK=false, src=1, dst=3, relayedBy=1}
in fairloss link send()
send to addr:/127.0.0.1, port:11003
###inside perfect link thread pool send() loop, pkt = Packet{dataLen=32, pktId=1, numMsgs=8, firstMsgId=1, isACK=false, src=3, dst=3, relayedBy=1}
in fairloss link send()
send to addr:/127.0.0.1, port:11003
###inside perfect link thread pool send() loop, pkt = Packet{dataLen=32, pktId=1, numMsgs=8, firstMsgId=1, isACK=false, src=3, dst=3, relayedBy=1}
in fairloss link send()
###inside perfect link thread pool send() loop, pkt = Packet{dataLen=32, pktId=2, numMsgs=2, firstMsgId=9, isACK=false, src=1, dst=3, relayedBy=1}
in fairloss link send()
send to addr:/127.0.0.1, port:11003
send to addr:/127.0.0.1, port:11003
###inside perfect link thread pool send() loop, pkt = Packet{dataLen=32, pktId=1, numMsgs=8, firstMsgId=1, isACK=false, src=3, dst=3, relayedBy=1}
in fairloss link send()
send to addr:/127.0.0.1, port:11003
###inside perfect link thread pool send() loop, pkt = Packet{dataLen=32, pktId=2, numMsgs=2, firstMsgId=9, isACK=false, src=1, dst=3, relayedBy=1}
in fairloss link send()
send to addr:/127.0.0.1, port:11003
Immediately stopping network packet processing.
Writing output.
enter flushToDisk, outputfile: /Users/sha/Desktop/EPFL/2022-2023fall/distributed-algorithms/CS451-2022-project/example/output/stress/proc01.output
