My PID: 14756

From a new terminal type `kill -SIGINT 14756` or `kill -SIGTERM 14756` to stop processing packets

My ID: 6

List of resolved hosts is:
==========================
1
Human-readable IP: 127.0.0.1
Human-readable Port: 11001

2
Human-readable IP: 127.0.0.1
Human-readable Port: 11002

3
Human-readable IP: 127.0.0.1
Human-readable Port: 11003

4
Human-readable IP: 127.0.0.1
Human-readable Port: 11004

5
Human-readable IP: 127.0.0.1
Human-readable Port: 11005

6
Human-readable IP: 127.0.0.1
Human-readable Port: 11006

7
Human-readable IP: 127.0.0.1
Human-readable Port: 11007


Path to output:
===============
/Users/sha/Desktop/EPFL/2022-2023fall/distributed-algorithms/CS451-2022-project/example/output/stress/proc06.output

Path to config:
===============
../example/output/stress/config

Doing some initialization

cs451.links.LinkUser@4fca772d
Broadcasting and delivering messages...

sendAllMsgs()

sendMsgs()

in perfect link send()
append to log with entry: b 1

append to log with entry: b 2

append to log with entry: b 3

append to log with entry: b 4

append to log with entry: b 5

append to log with entry: b 6

append to log with entry: b 7

append to log with entry: b 8

in perfect link send()
append to log with entry: b 9

append to log with entry: b 10

append to log with entry: b 11

append to log with entry: b 12

append to log with entry: b 13

append to log with entry: b 14

append to log with entry: b 15

append to log with entry: b 16

in perfect link send() loop, pktId = 0
in fairloss link send()
send to addr:/127.0.0.1, port:11001
in perfect link send()
append to log with entry: b 17

append to log with entry: b 18

append to log with entry: b 19

append to log with entry: b 20

append to log with entry: b 21

append to log with entry: b 22

append to log with entry: b 23

append to log with entry: b 24

in perfect link send() loop, pktId = 1
in fairloss link send()
send to addr:/127.0.0.1, port:11001
in perfect link send()
append to log with entry: b 25

append to log with entry: b 26

append to log with entry: b 27

append to log with entry: b 28

append to log with entry: b 29

append to log with entry: b 30

append to log with entry: b 31

append to log with entry: b 32

in perfect link send() loop, pktId = 2
in fairloss link send()
send to addr:/127.0.0.1, port:11001
in perfect link send()
append to log with entry: b 33

append to log with entry: b 34

append to log with entry: b 35

append to log with entry: b 36

append to log with entry: b 37

append to log with entry: b 38

append to log with entry: b 39

append to log with entry: b 40

in perfect link send()
append to log with entry: b 41

append to log with entry: b 42

append to log with entry: b 43

append to log with entry: b 44

append to log with entry: b 45

append to log with entry: b 46

append to log with entry: b 47

append to log with entry: b 48

in perfect link send()
append to log with entry: b 49

append to log with entry: b 50

append to log with entry: b 51

append to log with entry: b 52

in perfect link send() loop, pktId = 3
in fairloss link send()
send to addr:/127.0.0.1, port:11001
append to log with entry: b 53

append to log with entry: b 54

append to log with entry: b 55

append to log with entry: b 56

in perfect link send()
append to log with entry: b 57

append to log with entry: b 58

append to log with entry: b 59

append to log with entry: b 60

append to log with entry: b 61

append to log with entry: b 62

append to log with entry: b 63

append to log with entry: b 64

in perfect link send()
append to log with entry: b 65

append to log with entry: b 66

append to log with entry: b 67

append to log with entry: b 68

append to log with entry: b 69

append to log with entry: b 70

append to log with entry: b 71

append to log with entry: b 72

in perfect link send()
append to log with entry: b 73

append to log with entry: b 74

append to log with entry: b 75

append to log with entry: b 76

append to log with entry: b 77

append to log with entry: b 78

append to log with entry: b 79

append to log with entry: b 80

in perfect link send()
append to log with entry: b 81

append to log with entry: b 82

append to log with entry: b 83

append to log with entry: b 84

append to log with entry: b 85

append to log with entry: b 86

append to log with entry: b 87

append to log with entry: b 88

in perfect link send()
append to log with entry: b 89

append to log with entry: b 90

append to log with entry: b 91

append to log with entry: b 92

append to log with entry: b 93

append to log with entry: b 94

append to log with entry: b 95

append to log with entry: b 96

in perfect link send()
append to log with entry: b 97

append to log with entry: b 98

append to log with entry: b 99

append to log with entry: b 100

append to log with entry: b 101

append to log with entry: b 102

append to log with entry: b 103

append to log with entry: b 104

in perfect link send()
append to log with entry: b 105

append to log with entry: b 106

append to log with entry: b 107

append to log with entry: b 108

append to log with entry: b 109

append to log with entry: b 110

append to log with entry: b 111

append to log with entry: b 112

in perfect link send()
append to log with entry: b 113

append to log with entry: b 114

append to log with entry: b 115

append to log with entry: b 116

append to log with entry: b 117

append to log with entry: b 118

append to log with entry: b 119

append to log with entry: b 120

in perfect link send()
append to log with entry: b 121

append to log with entry: b 122

append to log with entry: b 123

append to log with entry: b 124

append to log with entry: b 125

append to log with entry: b 126

append to log with entry: b 127

append to log with entry: b 128

in perfect link send()
append to log with entry: b 129

append to log with entry: b 130

append to log with entry: b 131

append to log with entry: b 132

append to log with entry: b 133

append to log with entry: b 134

append to log with entry: b 135

append to log with entry: b 136

in perfect link send()
append to log with entry: b 137

append to log with entry: b 138

append to log with entry: b 139

append to log with entry: b 140

append to log with entry: b 141

append to log with entry: b 142

append to log with entry: b 143

append to log with entry: b 144

in perfect link send()
append to log with entry: b 145

append to log with entry: b 146

append to log with entry: b 147

append to log with entry: b 148

append to log with entry: b 149

append to log with entry: b 150

append to log with entry: b 151

append to log with entry: b 152

in perfect link send()
append to log with entry: b 153

append to log with entry: b 154

append to log with entry: b 155

append to log with entry: b 156

append to log with entry: b 157

append to log with entry: b 158

append to log with entry: b 159

append to log with entry: b 160

in perfect link send()
append to log with entry: b 161

append to log with entry: b 162

append to log with entry: b 163

append to log with entry: b 164

append to log with entry: b 165

append to log with entry: b 166

append to log with entry: b 167

append to log with entry: b 168

in perfect link send()
append to log with entry: b 169

append to log with entry: b 170

append to log with entry: b 171

append to log with entry: b 172

append to log with entry: b 173

append to log with entry: b 174

append to log with entry: b 175

append to log with entry: b 176

in perfect link send()
append to log with entry: b 177

append to log with entry: b 178

append to log with entry: b 179

append to log with entry: b 180

append to log with entry: b 181

append to log with entry: b 182

append to log with entry: b 183

append to log with entry: b 184

in perfect link send()
append to log with entry: b 185

append to log with entry: b 186

append to log with entry: b 187

append to log with entry: b 188

append to log with entry: b 189

append to log with entry: b 190

append to log with entry: b 191

append to log with entry: b 192

in perfect link send()
append to log with entry: b 193

append to log with entry: b 194

append to log with entry: b 195

append to log with entry: b 196

append to log with entry: b 197

append to log with entry: b 198

append to log with entry: b 199

append to log with entry: b 200

in perfect link send()
append to log with entry: b 201

append to log with entry: b 202

append to log with entry: b 203

link user receivingLoop
perfectlink deliver()
fair loss link deliver() after socket.receive()
pkt.src = 1, pkt.pktId0,pkt.isACK = true
perfectlink deliver ACK
link user receivingLoop after perfectLink deliver
link user receivingLoop
perfectlink deliver()
fair loss link deliver() after socket.receive()
pkt.src = 1, pkt.pktId1,pkt.isACK = true
perfectlink deliver ACK
link user receivingLoop after perfectLink deliver
link user receivingLoop
perfectlink deliver()
fair loss link deliver() after socket.receive()
pkt.src = 1, pkt.pktId2,pkt.isACK = true
perfectlink deliver ACK
link user receivingLoop after perfectLink deliver
link user receivingLoop
perfectlink deliver()
fair loss link deliver() after socket.receive()
pkt.src = 1, pkt.pktId3,pkt.isACK = true
perfectlink deliver ACK
link user receivingLoop after perfectLink deliver
link user receivingLoop
perfectlink deliver()
Immediately stopping network packet processing.
Writing output.
enter flushToDisk, outputfile: /Users/sha/Desktop/EPFL/2022-2023fall/distributed-algorithms/CS451-2022-project/example/output/stress/proc06.output
